\BOOKMARK [1][-]{section.1}{Introduction}{}% 1
\BOOKMARK [1][-]{section.2}{Implementation on MNIST}{}% 2
\BOOKMARK [2][-]{subsection.2.1}{Architecture}{section.2}% 3
\BOOKMARK [3][-]{subsubsection.2.1.1}{Generator}{subsection.2.1}% 4
\BOOKMARK [3][-]{subsubsection.2.1.2}{Discriminator}{subsection.2.1}% 5
\BOOKMARK [3][-]{subsubsection.2.1.3}{Hyperparameters}{subsection.2.1}% 6
\BOOKMARK [2][-]{subsection.2.2}{Result}{section.2}% 7
\BOOKMARK [3][-]{subsubsection.2.2.1}{Tensorboard}{subsection.2.2}% 8
\BOOKMARK [3][-]{subsubsection.2.2.2}{Generated samples}{subsection.2.2}% 9
\BOOKMARK [1][-]{section.3}{Implementation on SVHN}{}% 10
\BOOKMARK [2][-]{subsection.3.1}{Architecture}{section.3}% 11
\BOOKMARK [3][-]{subsubsection.3.1.1}{Generator}{subsection.3.1}% 12
\BOOKMARK [3][-]{subsubsection.3.1.2}{Discriminator}{subsection.3.1}% 13
\BOOKMARK [3][-]{subsubsection.3.1.3}{Hyperparameters}{subsection.3.1}% 14
\BOOKMARK [2][-]{subsection.3.2}{Result}{section.3}% 15
\BOOKMARK [3][-]{subsubsection.3.2.1}{Tensorboard}{subsection.3.2}% 16
\BOOKMARK [3][-]{subsubsection.3.2.2}{Generated samples}{subsection.3.2}% 17
\BOOKMARK [1][-]{section.4}{WGAN}{}% 18
\BOOKMARK [2][-]{subsection.4.1}{WGAN on MNIST}{section.4}% 19
\BOOKMARK [2][-]{subsection.4.2}{WGAN on SVHN}{section.4}% 20
\BOOKMARK [1][-]{section.5}{Summary}{}% 21
